<?xml version="1.0" encoding="UTF-8"?>
<!-- Generated by org.testng.reporters.JUnitReportReporter -->
<testsuite hostname="DESKTOP-SI1PPJO" failures="0" tests="1" name="CleanEletric.DemoPro.DragDropDemo" time="7.843" errors="0" timestamp="2023-12-25T15:23:30 IST" skipped="0">
  <testcase classname="CleanEletric.DemoPro.DragDropDemo" name="dragDropTest" time="7.843"/>
</testsuite> <!-- CleanEletric.DemoPro.DragDropDemo -->
