<?xml version="1.0" encoding="UTF-8"?>
<!-- Generated by org.testng.reporters.JUnitReportReporter -->
<testsuite hostname="DESKTOP-SI1PPJO" failures="0" tests="1" name="CleanEletric.DemoPro.ScrollDemo" time="24.448" errors="0" timestamp="2023-12-23T19:03:01 IST" skipped="0">
  <testcase classname="CleanEletric.DemoPro.ScrollDemo" name="ScroleDemoTest" time="24.448"/>
</testsuite> <!-- CleanEletric.DemoPro.ScrollDemo -->
