<?xml version="1.0" encoding="UTF-8"?>
<!-- Generated by org.testng.reporters.JUnitReportReporter -->
<testsuite hostname="DESKTOP-SI1PPJO" failures="0" tests="1" name="CleanEletric.DemoPro.Misclellanous" time="8.684" errors="0" timestamp="2024-01-05T19:45:26 IST" skipped="0">
  <testcase classname="CleanEletric.DemoPro.Misclellanous" name="appiumTest" time="8.684"/>
</testsuite> <!-- CleanEletric.DemoPro.Misclellanous -->
