<?xml version="1.0" encoding="UTF-8"?>
<!-- Generated by org.testng.reporters.JUnitReportReporter -->
<testsuite hostname="DESKTOP-SI1PPJO" failures="0" tests="1" name="ECommerce.Ecommerce_TestCases" time="13.353" errors="0" timestamp="2024-02-07T19:32:31 IST" skipped="0">
  <testcase classname="ECommerce.Ecommerce_TestCases" name="Test1" time="13.353"/>
</testsuite> <!-- ECommerce.Ecommerce_TestCases -->
