<?xml version="1.0" encoding="UTF-8"?>
<!-- Generated by org.testng.reporters.JUnitReportReporter -->
<testsuite hostname="DESKTOP-SI1PPJO" failures="0" tests="1" name="ECommerce.Ecommerce_TestCases" time="11.433" errors="0" timestamp="2024-02-09T18:39:23 IST" skipped="0">
  <testcase classname="ECommerce.Ecommerce_TestCases" name="Test1" time="11.433"/>
</testsuite> <!-- ECommerce.Ecommerce_TestCases -->
