<?xml version="1.0" encoding="UTF-8"?>
<!-- Generated by org.testng.reporters.JUnitReportReporter -->
<testsuite hostname="DESKTOP-SI1PPJO" failures="0" tests="1" name="CleanEletric.DemoPro.CEAppiumBasic" time="1.241" errors="0" timestamp="2023-12-13T19:07:37 IST" skipped="0">
  <testcase classname="CleanEletric.DemoPro.CEAppiumBasic" name="CEappiumTest" time="1.241"/>
</testsuite> <!-- CleanEletric.DemoPro.CEAppiumBasic -->
