<?xml version="1.0" encoding="UTF-8"?>
<!-- Generated by org.testng.reporters.JUnitReportReporter -->
<testsuite hostname="DESKTOP-SI1PPJO" failures="0" tests="1" name="CleanEletric.DemoPro.AppiumBasic" time="9.122" errors="0" timestamp="2023-12-07T18:15:05 IST" skipped="0">
  <testcase classname="CleanEletric.DemoPro.AppiumBasic" name="appiumTest" time="9.122"/>
</testsuite> <!-- CleanEletric.DemoPro.AppiumBasic -->
