<?xml version="1.0" encoding="UTF-8"?>
<!-- Generated by org.testng.reporters.JUnitReportReporter -->
<testsuite hostname="DESKTOP-SI1PPJO" failures="0" tests="1" name="CleanEletric.DemoPro.CEAppiumBasic" time="8.012" errors="0" timestamp="2023-12-29T19:47:02 IST" skipped="0">
  <testcase classname="CleanEletric.DemoPro.CEAppiumBasic" name="CEappiumTest" time="8.012"/>
</testsuite> <!-- CleanEletric.DemoPro.CEAppiumBasic -->
