<?xml version="1.0" encoding="UTF-8"?>
<!-- Generated by org.testng.reporters.JUnitReportReporter -->
<testsuite hostname="DESKTOP-SI1PPJO" failures="0" tests="1" name="ECommerce.Ecommerce_TestCases2" time="26.142" errors="0" timestamp="2024-02-10T18:49:03 IST" skipped="0">
  <testcase classname="ECommerce.Ecommerce_TestCases2" name="Test1" time="26.142"/>
</testsuite> <!-- ECommerce.Ecommerce_TestCases2 -->
