<?xml version="1.0" encoding="UTF-8"?>
<!-- Generated by org.testng.reporters.JUnitReportReporter -->
<testsuite hostname="DESKTOP-SI1PPJO" failures="0" tests="1" name="CleanEletric.DemoPro.SwipeDemo" time="10.271" errors="0" timestamp="2023-12-23T19:05:36 IST" skipped="0">
  <testcase classname="CleanEletric.DemoPro.SwipeDemo" name="SwipeDemoTest" time="10.271"/>
</testsuite> <!-- CleanEletric.DemoPro.SwipeDemo -->
