<?xml version="1.0" encoding="UTF-8"?>
<!-- Generated by org.testng.reporters.JUnitReportReporter -->
<testsuite hostname="DESKTOP-SI1PPJO" failures="0" tests="1" name="CleanEletric.DemoPro.ScrollDemo" time="28.036" errors="0" timestamp="2023-12-18T19:29:38 IST" skipped="0">
  <testcase classname="CleanEletric.DemoPro.ScrollDemo" name="ScroleDemoTest" time="28.036"/>
</testsuite> <!-- CleanEletric.DemoPro.ScrollDemo -->
