<?xml version="1.0" encoding="UTF-8"?>
<!-- Generated by org.testng.reporters.JUnitReportReporter -->
<testsuite hostname="DESKTOP-SI1PPJO" failures="0" tests="1" name="CleanEletric.DemoPro.LongPress" time="11.458" errors="0" timestamp="2023-12-20T18:40:42 IST" skipped="0">
  <testcase classname="CleanEletric.DemoPro.LongPress" name="longPressGesture" time="11.458"/>
</testsuite> <!-- CleanEletric.DemoPro.LongPress -->
